<?xml version="1.0" encoding="UTF-8"?>
<!-- Generated by org.testng.reporters.JUnitReportReporter -->
<testsuite hostname="DESKTOP-8CVIPB8" failures="0" tests="1" name="InterviewQuesPractice.Anagram" time="0.064" errors="0" timestamp="2023-02-22T15:34:31 IST" skipped="0">
  <testcase classname="InterviewQuesPractice.Anagram" name="usingMap" time="0.064"/>
  <system-out/>
</testsuite> <!-- InterviewQuesPractice.Anagram -->
